1755195399.789402 client started (16327): version 3.4, socket /tmp/tmux-1000/default, protocol 8
1755195399.789577 on Linux 4.4.0-19041-Microsoft #5794-Microsoft Mon Apr 07 17:55:00 PST 2025
1755195399.789624 using libevent 2.1.12-stable poll
1755195399.789662 using ncurses 6.4 20240113
1755195399.789768 flags are 0x18010000
1755195399.789830 socket is /tmp/tmux-1000/default
1755195399.789886 trying connect
1755195399.790173 add peer 0x7fffe5805980: 6 ((nil))
1755195399.791700 sending message 100 to peer 0x7fffe5805980 (4 bytes)
1755195399.792112 sending message 111 to peer 0x7fffe5805980 (8 bytes)
1755195399.792153 sending message 101 to peer 0x7fffe5805980 (15 bytes)
1755195399.792190 sending message 109 to peer 0x7fffe5805980 (4 bytes)
1755195399.792226 sending message 102 to peer 0x7fffe5805980 (10 bytes)
1755195399.792262 sending message 108 to peer 0x7fffe5805980 (26 bytes)
1755195399.792297 sending message 112 to peer 0x7fffe5805980 (58 bytes)
1755195399.792318 sending message 112 to peer 0x7fffe5805980 (5 bytes)
1755195399.792339 sending message 112 to peer 0x7fffe5805980 (5 bytes)
1755195399.792360 sending message 112 to peer 0x7fffe5805980 (6 bytes)
1755195399.792381 sending message 112 to peer 0x7fffe5805980 (6 bytes)
1755195399.792401 sending message 112 to peer 0x7fffe5805980 (11 bytes)
1755195399.792422 sending message 112 to peer 0x7fffe5805980 (10 bytes)
1755195399.792443 sending message 112 to peer 0x7fffe5805980 (13 bytes)
1755195399.792463 sending message 112 to peer 0x7fffe5805980 (14 bytes)
1755195399.792484 sending message 112 to peer 0x7fffe5805980 (19 bytes)
1755195399.792505 sending message 112 to peer 0x7fffe5805980 (11 bytes)
1755195399.792525 sending message 112 to peer 0x7fffe5805980 (10 bytes)
1755195399.792546 sending message 112 to peer 0x7fffe5805980 (15 bytes)
1755195399.792567 sending message 112 to peer 0x7fffe5805980 (21 bytes)
1755195399.792587 sending message 112 to peer 0x7fffe5805980 (13 bytes)
1755195399.792608 sending message 112 to peer 0x7fffe5805980 (7 bytes)
1755195399.792629 sending message 112 to peer 0x7fffe5805980 (13 bytes)
1755195399.792649 sending message 112 to peer 0x7fffe5805980 (7 bytes)
1755195399.792670 sending message 112 to peer 0x7fffe5805980 (13 bytes)
1755195399.792691 sending message 112 to peer 0x7fffe5805980 (9 bytes)
1755195399.792711 sending message 112 to peer 0x7fffe5805980 (21 bytes)
1755195399.792732 sending message 112 to peer 0x7fffe5805980 (13 bytes)
1755195399.792753 sending message 112 to peer 0x7fffe5805980 (9 bytes)
1755195399.792774 sending message 112 to peer 0x7fffe5805980 (16 bytes)
1755195399.792794 sending message 112 to peer 0x7fffe5805980 (13 bytes)
1755195399.792815 sending message 112 to peer 0x7fffe5805980 (9 bytes)
1755195399.792835 sending message 112 to peer 0x7fffe5805980 (9 bytes)
1755195399.792856 sending message 112 to peer 0x7fffe5805980 (12 bytes)
1755195399.792877 sending message 112 to peer 0x7fffe5805980 (8 bytes)
1755195399.792898 sending message 112 to peer 0x7fffe5805980 (8 bytes)
1755195399.792919 sending message 112 to peer 0x7fffe5805980 (13 bytes)
1755195399.792939 sending message 112 to peer 0x7fffe5805980 (7 bytes)
1755195399.792960 sending message 112 to peer 0x7fffe5805980 (7 bytes)
1755195399.792981 sending message 112 to peer 0x7fffe5805980 (9 bytes)
1755195399.793004 sending message 112 to peer 0x7fffe5805980 (9 bytes)
1755195399.793025 sending message 112 to peer 0x7fffe5805980 (15 bytes)
1755195399.793045 sending message 112 to peer 0x7fffe5805980 (13 bytes)
1755195399.793068 sending message 112 to peer 0x7fffe5805980 (12 bytes)
1755195399.793089 sending message 112 to peer 0x7fffe5805980 (8 bytes)
1755195399.793110 sending message 112 to peer 0x7fffe5805980 (14 bytes)
1755195399.793131 sending message 112 to peer 0x7fffe5805980 (11 bytes)
1755195399.793151 sending message 112 to peer 0x7fffe5805980 (9 bytes)
1755195399.793172 sending message 112 to peer 0x7fffe5805980 (10 bytes)
1755195399.793193 sending message 112 to peer 0x7fffe5805980 (10 bytes)
1755195399.793214 sending message 112 to peer 0x7fffe5805980 (10 bytes)
1755195399.793289 sending message 112 to peer 0x7fffe5805980 (10 bytes)
1755195399.793315 sending message 112 to peer 0x7fffe5805980 (11 bytes)
1755195399.793336 sending message 112 to peer 0x7fffe5805980 (12 bytes)
1755195399.793356 sending message 112 to peer 0x7fffe5805980 (12 bytes)
1755195399.793377 sending message 112 to peer 0x7fffe5805980 (12 bytes)
1755195399.793398 sending message 112 to peer 0x7fffe5805980 (12 bytes)
1755195399.793419 sending message 112 to peer 0x7fffe5805980 (12 bytes)
1755195399.793439 sending message 112 to peer 0x7fffe5805980 (11 bytes)
1755195399.793460 sending message 112 to peer 0x7fffe5805980 (11 bytes)
1755195399.793481 sending message 112 to peer 0x7fffe5805980 (12 bytes)
1755195399.793502 sending message 112 to peer 0x7fffe5805980 (12 bytes)
1755195399.793522 sending message 112 to peer 0x7fffe5805980 (12 bytes)
1755195399.793543 sending message 112 to peer 0x7fffe5805980 (12 bytes)
1755195399.793564 sending message 112 to peer 0x7fffe5805980 (12 bytes)
1755195399.793585 sending message 112 to peer 0x7fffe5805980 (9 bytes)
1755195399.793605 sending message 112 to peer 0x7fffe5805980 (12 bytes)
1755195399.793626 sending message 112 to peer 0x7fffe5805980 (13 bytes)
1755195399.793647 sending message 112 to peer 0x7fffe5805980 (13 bytes)
1755195399.793668 sending message 112 to peer 0x7fffe5805980 (13 bytes)
1755195399.793688 sending message 112 to peer 0x7fffe5805980 (13 bytes)
1755195399.793709 sending message 112 to peer 0x7fffe5805980 (13 bytes)
1755195399.793730 sending message 112 to peer 0x7fffe5805980 (8 bytes)
1755195399.793750 sending message 112 to peer 0x7fffe5805980 (11 bytes)
1755195399.793771 sending message 112 to peer 0x7fffe5805980 (11 bytes)
1755195399.793792 sending message 112 to peer 0x7fffe5805980 (11 bytes)
1755195399.793813 sending message 112 to peer 0x7fffe5805980 (12 bytes)
1755195399.793833 sending message 112 to peer 0x7fffe5805980 (12 bytes)
1755195399.793854 sending message 112 to peer 0x7fffe5805980 (12 bytes)
1755195399.793875 sending message 112 to peer 0x7fffe5805980 (12 bytes)
1755195399.793895 sending message 112 to peer 0x7fffe5805980 (13 bytes)
1755195399.793916 sending message 112 to peer 0x7fffe5805980 (13 bytes)
1755195399.793937 sending message 112 to peer 0x7fffe5805980 (13 bytes)
1755195399.793958 sending message 112 to peer 0x7fffe5805980 (8 bytes)
1755195399.793978 sending message 112 to peer 0x7fffe5805980 (13 bytes)
1755195399.794018 sending message 112 to peer 0x7fffe5805980 (13 bytes)
1755195399.794039 sending message 112 to peer 0x7fffe5805980 (13 bytes)
1755195399.794060 sending message 112 to peer 0x7fffe5805980 (13 bytes)
1755195399.794081 sending message 112 to peer 0x7fffe5805980 (13 bytes)
1755195399.794102 sending message 112 to peer 0x7fffe5805980 (12 bytes)
1755195399.794122 sending message 112 to peer 0x7fffe5805980 (12 bytes)
1755195399.794143 sending message 112 to peer 0x7fffe5805980 (12 bytes)
1755195399.794164 sending message 112 to peer 0x7fffe5805980 (12 bytes)
1755195399.794185 sending message 112 to peer 0x7fffe5805980 (13 bytes)
1755195399.794205 sending message 112 to peer 0x7fffe5805980 (8 bytes)
1755195399.794226 sending message 112 to peer 0x7fffe5805980 (13 bytes)
1755195399.794247 sending message 112 to peer 0x7fffe5805980 (13 bytes)
1755195399.794268 sending message 112 to peer 0x7fffe5805980 (13 bytes)
1755195399.794289 sending message 112 to peer 0x7fffe5805980 (13 bytes)
1755195399.794309 sending message 112 to peer 0x7fffe5805980 (13 bytes)
1755195399.794330 sending message 112 to peer 0x7fffe5805980 (13 bytes)
1755195399.794351 sending message 112 to peer 0x7fffe5805980 (13 bytes)
1755195399.794371 sending message 112 to peer 0x7fffe5805980 (12 bytes)
1755195399.794392 sending message 112 to peer 0x7fffe5805980 (12 bytes)
1755195399.794413 sending message 112 to peer 0x7fffe5805980 (12 bytes)
1755195399.794434 sending message 112 to peer 0x7fffe5805980 (8 bytes)
1755195399.794454 sending message 112 to peer 0x7fffe5805980 (12 bytes)
1755195399.794475 sending message 112 to peer 0x7fffe5805980 (13 bytes)
1755195399.794546 sending message 112 to peer 0x7fffe5805980 (13 bytes)
1755195399.794570 sending message 112 to peer 0x7fffe5805980 (13 bytes)
1755195399.794591 sending message 112 to peer 0x7fffe5805980 (13 bytes)
1755195399.794612 sending message 112 to peer 0x7fffe5805980 (13 bytes)
1755195399.794633 sending message 112 to peer 0x7fffe5805980 (13 bytes)
1755195399.794653 sending message 112 to peer 0x7fffe5805980 (13 bytes)
1755195399.794674 sending message 112 to peer 0x7fffe5805980 (13 bytes)
1755195399.794695 sending message 112 to peer 0x7fffe5805980 (12 bytes)
1755195399.794715 sending message 112 to peer 0x7fffe5805980 (10 bytes)
1755195399.794736 sending message 112 to peer 0x7fffe5805980 (12 bytes)
1755195399.794757 sending message 112 to peer 0x7fffe5805980 (12 bytes)
1755195399.794777 sending message 112 to peer 0x7fffe5805980 (12 bytes)
1755195399.794798 sending message 112 to peer 0x7fffe5805980 (13 bytes)
1755195399.794819 sending message 112 to peer 0x7fffe5805980 (13 bytes)
1755195399.794840 sending message 112 to peer 0x7fffe5805980 (13 bytes)
1755195399.794860 sending message 112 to peer 0x7fffe5805980 (13 bytes)
1755195399.794881 sending message 112 to peer 0x7fffe5805980 (13 bytes)
1755195399.794902 sending message 112 to peer 0x7fffe5805980 (13 bytes)
1755195399.794922 sending message 112 to peer 0x7fffe5805980 (13 bytes)
1755195399.794943 sending message 112 to peer 0x7fffe5805980 (10 bytes)
1755195399.794964 sending message 112 to peer 0x7fffe5805980 (13 bytes)
1755195399.794986 sending message 112 to peer 0x7fffe5805980 (12 bytes)
1755195399.795008 sending message 112 to peer 0x7fffe5805980 (12 bytes)
1755195399.795031 sending message 112 to peer 0x7fffe5805980 (12 bytes)
1755195399.795052 sending message 112 to peer 0x7fffe5805980 (10 bytes)
1755195399.795073 sending message 112 to peer 0x7fffe5805980 (10 bytes)
1755195399.795093 sending message 112 to peer 0x7fffe5805980 (10 bytes)
1755195399.795114 sending message 112 to peer 0x7fffe5805980 (12 bytes)
1755195399.795135 sending message 112 to peer 0x7fffe5805980 (13 bytes)
1755195399.795156 sending message 112 to peer 0x7fffe5805980 (13 bytes)
1755195399.795177 sending message 112 to peer 0x7fffe5805980 (13 bytes)
1755195399.795198 sending message 112 to peer 0x7fffe5805980 (13 bytes)
1755195399.795219 sending message 112 to peer 0x7fffe5805980 (13 bytes)
1755195399.795240 sending message 112 to peer 0x7fffe5805980 (10 bytes)
1755195399.795260 sending message 112 to peer 0x7fffe5805980 (11 bytes)
1755195399.795281 sending message 112 to peer 0x7fffe5805980 (12 bytes)
1755195399.795302 sending message 112 to peer 0x7fffe5805980 (12 bytes)
1755195399.795323 sending message 112 to peer 0x7fffe5805980 (12 bytes)
1755195399.795343 sending message 112 to peer 0x7fffe5805980 (12 bytes)
1755195399.795365 sending message 112 to peer 0x7fffe5805980 (12 bytes)
1755195399.795386 sending message 112 to peer 0x7fffe5805980 (11 bytes)
1755195399.795407 sending message 112 to peer 0x7fffe5805980 (12 bytes)
1755195399.795427 sending message 112 to peer 0x7fffe5805980 (12 bytes)
1755195399.795448 sending message 112 to peer 0x7fffe5805980 (13 bytes)
1755195399.795469 sending message 112 to peer 0x7fffe5805980 (13 bytes)
1755195399.795490 sending message 112 to peer 0x7fffe5805980 (13 bytes)
1755195399.795511 sending message 112 to peer 0x7fffe5805980 (13 bytes)
1755195399.795531 sending message 112 to peer 0x7fffe5805980 (13 bytes)
1755195399.795552 sending message 112 to peer 0x7fffe5805980 (10 bytes)
1755195399.795573 sending message 112 to peer 0x7fffe5805980 (9 bytes)
1755195399.795594 sending message 112 to peer 0x7fffe5805980 (12 bytes)
1755195399.795614 sending message 112 to peer 0x7fffe5805980 (13 bytes)
1755195399.795635 sending message 112 to peer 0x7fffe5805980 (13 bytes)
1755195399.795656 sending message 112 to peer 0x7fffe5805980 (13 bytes)
1755195399.795676 sending message 112 to peer 0x7fffe5805980 (13 bytes)
1755195399.795697 sending message 112 to peer 0x7fffe5805980 (13 bytes)
1755195399.795718 sending message 112 to peer 0x7fffe5805980 (9 bytes)
1755195399.795741 sending message 112 to peer 0x7fffe5805980 (12 bytes)
1755195399.795764 sending message 112 to peer 0x7fffe5805980 (13 bytes)
1755195399.795785 sending message 112 to peer 0x7fffe5805980 (13 bytes)
1755195399.795806 sending message 112 to peer 0x7fffe5805980 (13 bytes)
1755195399.795826 sending message 112 to peer 0x7fffe5805980 (13 bytes)
1755195399.795847 sending message 112 to peer 0x7fffe5805980 (13 bytes)
1755195399.795868 sending message 112 to peer 0x7fffe5805980 (11 bytes)
1755195399.795889 sending message 112 to peer 0x7fffe5805980 (12 bytes)
1755195399.795910 sending message 112 to peer 0x7fffe5805980 (13 bytes)
1755195399.795930 sending message 112 to peer 0x7fffe5805980 (13 bytes)
1755195399.795951 sending message 112 to peer 0x7fffe5805980 (13 bytes)
1755195399.795972 sending message 112 to peer 0x7fffe5805980 (13 bytes)
1755195399.795995 sending message 112 to peer 0x7fffe5805980 (13 bytes)
1755195399.796016 sending message 112 to peer 0x7fffe5805980 (11 bytes)
1755195399.796037 sending message 112 to peer 0x7fffe5805980 (12 bytes)
1755195399.796059 sending message 112 to peer 0x7fffe5805980 (12 bytes)
1755195399.796080 sending message 112 to peer 0x7fffe5805980 (12 bytes)
1755195399.796100 sending message 112 to peer 0x7fffe5805980 (12 bytes)
1755195399.796121 sending message 112 to peer 0x7fffe5805980 (12 bytes)
1755195399.796142 sending message 112 to peer 0x7fffe5805980 (21 bytes)
1755195399.796163 sending message 112 to peer 0x7fffe5805980 (12 bytes)
1755195399.796184 sending message 112 to peer 0x7fffe5805980 (9 bytes)
1755195399.796205 sending message 112 to peer 0x7fffe5805980 (6 bytes)
1755195399.796226 sending message 112 to peer 0x7fffe5805980 (13 bytes)
1755195399.796247 sending message 112 to peer 0x7fffe5805980 (10 bytes)
1755195399.796268 sending message 112 to peer 0x7fffe5805980 (24 bytes)
1755195399.796288 sending message 112 to peer 0x7fffe5805980 (13 bytes)
1755195399.796309 sending message 112 to peer 0x7fffe5805980 (9 bytes)
1755195399.796330 sending message 112 to peer 0x7fffe5805980 (70 bytes)
1755195399.796351 sending message 112 to peer 0x7fffe5805980 (69 bytes)
1755195399.796372 sending message 112 to peer 0x7fffe5805980 (12 bytes)
1755195399.796393 sending message 112 to peer 0x7fffe5805980 (10 bytes)
1755195399.796414 sending message 112 to peer 0x7fffe5805980 (10 bytes)
1755195399.796434 sending message 112 to peer 0x7fffe5805980 (24 bytes)
1755195399.796455 sending message 112 to peer 0x7fffe5805980 (13 bytes)
1755195399.796476 sending message 112 to peer 0x7fffe5805980 (10 bytes)
1755195399.796497 sending message 112 to peer 0x7fffe5805980 (10 bytes)
1755195399.796518 sending message 112 to peer 0x7fffe5805980 (10 bytes)
1755195399.796539 sending message 112 to peer 0x7fffe5805980 (13 bytes)
1755195399.796559 sending message 112 to peer 0x7fffe5805980 (15 bytes)
1755195399.796580 sending message 112 to peer 0x7fffe5805980 (5 bytes)
1755195399.796606 sending message 104 to peer 0x7fffe5805980 (0 bytes)
1755195399.796631 sending message 110 to peer 0x7fffe5805980 (0 bytes)
1755195399.796653 sending message 107 to peer 0x7fffe5805980 (4 bytes)
1755195399.796673 sending message 105 to peer 0x7fffe5805980 (16 bytes)
1755195399.796694 sending message 105 to peer 0x7fffe5805980 (13 bytes)
1755195399.796716 sending message 105 to peer 0x7fffe5805980 (2970 bytes)
1755195399.796749 sending message 105 to peer 0x7fffe5805980 (20 bytes)
1755195399.796770 sending message 105 to peer 0x7fffe5805980 (33 bytes)
1755195399.796791 sending message 105 to peer 0x7fffe5805980 (48 bytes)
1755195399.796812 sending message 105 to peer 0x7fffe5805980 (53 bytes)
1755195399.796833 sending message 105 to peer 0x7fffe5805980 (8 bytes)
1755195399.796854 sending message 105 to peer 0x7fffe5805980 (23 bytes)
1755195399.796874 sending message 105 to peer 0x7fffe5805980 (18 bytes)
1755195399.796895 sending message 105 to peer 0x7fffe5805980 (12 bytes)
1755195399.796916 sending message 105 to peer 0x7fffe5805980 (15 bytes)
1755195399.796937 sending message 105 to peer 0x7fffe5805980 (19 bytes)
1755195399.797011 sending message 105 to peer 0x7fffe5805980 (8 bytes)
1755195399.797035 sending message 105 to peer 0x7fffe5805980 (30 bytes)
1755195399.797057 sending message 105 to peer 0x7fffe5805980 (20 bytes)
1755195399.797077 sending message 105 to peer 0x7fffe5805980 (12 bytes)
1755195399.797098 sending message 105 to peer 0x7fffe5805980 (19 bytes)
1755195399.797119 sending message 105 to peer 0x7fffe5805980 (28 bytes)
1755195399.797139 sending message 105 to peer 0x7fffe5805980 (11 bytes)
1755195399.797160 sending message 105 to peer 0x7fffe5805980 (8 bytes)
1755195399.797181 sending message 105 to peer 0x7fffe5805980 (32 bytes)
1755195399.797202 sending message 105 to peer 0x7fffe5805980 (1817 bytes)
1755195399.797224 sending message 105 to peer 0x7fffe5805980 (10 bytes)
1755195399.797245 sending message 105 to peer 0x7fffe5805980 (23 bytes)
1755195399.797265 sending message 105 to peer 0x7fffe5805980 (26 bytes)
1755195399.797286 sending message 105 to peer 0x7fffe5805980 (16 bytes)
1755195399.797307 sending message 105 to peer 0x7fffe5805980 (53 bytes)
1755195399.797328 sending message 105 to peer 0x7fffe5805980 (62 bytes)
1755195399.797348 sending message 105 to peer 0x7fffe5805980 (41 bytes)
1755195399.797369 sending message 105 to peer 0x7fffe5805980 (16 bytes)
1755195399.797390 sending message 106 to peer 0x7fffe5805980 (0 bytes)
1755195399.797805 sending message 200 to peer 0x7fffe5805980 (4 bytes)
1755195399.797829 client loop enter
1755195399.914096 peer 0x7fffe5805980 message 207
1755195399.914133 sending message 208 to peer 0x7fffe5805980 (0 bytes)
1755195410.384546 peer 0x7fffe5805980 message 210
1755195410.384628 sending message 205 to peer 0x7fffe5805980 (0 bytes)
1755195410.393623 peer 0x7fffe5805980 message 204
1755195410.393664 client loop exit
