1755196538.043687 client started (18148): version 3.4, socket /tmp/tmux-1000/default, protocol 8
1755196538.043840 on Linux 4.4.0-19041-Microsoft #5794-Microsoft Mon Apr 07 17:55:00 PST 2025
1755196538.043931 using libevent 2.1.12-stable poll
1755196538.043970 using ncurses 6.4 20240113
1755196538.044684 flags are 0x18010000
1755196538.045589 socket is /tmp/tmux-1000/default
1755196538.045721 trying connect
1755196538.046914 add peer 0x7fffd01d4b20: 6 ((nil))
1755196538.061396 sending message 100 to peer 0x7fffd01d4b20 (4 bytes)
1755196538.062847 sending message 111 to peer 0x7fffd01d4b20 (8 bytes)
1755196538.062873 sending message 101 to peer 0x7fffd01d4b20 (15 bytes)
1755196538.062895 sending message 109 to peer 0x7fffd01d4b20 (4 bytes)
1755196538.062915 sending message 102 to peer 0x7fffd01d4b20 (10 bytes)
1755196538.062936 sending message 108 to peer 0x7fffd01d4b20 (26 bytes)
1755196538.062957 sending message 112 to peer 0x7fffd01d4b20 (58 bytes)
1755196538.062978 sending message 112 to peer 0x7fffd01d4b20 (5 bytes)
1755196538.062999 sending message 112 to peer 0x7fffd01d4b20 (5 bytes)
1755196538.063019 sending message 112 to peer 0x7fffd01d4b20 (6 bytes)
1755196538.063040 sending message 112 to peer 0x7fffd01d4b20 (6 bytes)
1755196538.063061 sending message 112 to peer 0x7fffd01d4b20 (11 bytes)
1755196538.063082 sending message 112 to peer 0x7fffd01d4b20 (10 bytes)
1755196538.063102 sending message 112 to peer 0x7fffd01d4b20 (13 bytes)
1755196538.063123 sending message 112 to peer 0x7fffd01d4b20 (14 bytes)
1755196538.063144 sending message 112 to peer 0x7fffd01d4b20 (19 bytes)
1755196538.063164 sending message 112 to peer 0x7fffd01d4b20 (11 bytes)
1755196538.063185 sending message 112 to peer 0x7fffd01d4b20 (10 bytes)
1755196538.063208 sending message 112 to peer 0x7fffd01d4b20 (15 bytes)
1755196538.063229 sending message 112 to peer 0x7fffd01d4b20 (21 bytes)
1755196538.063250 sending message 112 to peer 0x7fffd01d4b20 (13 bytes)
1755196538.063270 sending message 112 to peer 0x7fffd01d4b20 (7 bytes)
1755196538.063291 sending message 112 to peer 0x7fffd01d4b20 (13 bytes)
1755196538.063312 sending message 112 to peer 0x7fffd01d4b20 (7 bytes)
1755196538.063332 sending message 112 to peer 0x7fffd01d4b20 (13 bytes)
1755196538.063354 sending message 112 to peer 0x7fffd01d4b20 (9 bytes)
1755196538.063375 sending message 112 to peer 0x7fffd01d4b20 (21 bytes)
1755196538.063396 sending message 112 to peer 0x7fffd01d4b20 (13 bytes)
1755196538.063416 sending message 112 to peer 0x7fffd01d4b20 (9 bytes)
1755196538.063437 sending message 112 to peer 0x7fffd01d4b20 (16 bytes)
1755196538.063458 sending message 112 to peer 0x7fffd01d4b20 (13 bytes)
1755196538.063478 sending message 112 to peer 0x7fffd01d4b20 (9 bytes)
1755196538.063499 sending message 112 to peer 0x7fffd01d4b20 (9 bytes)
1755196538.063520 sending message 112 to peer 0x7fffd01d4b20 (12 bytes)
1755196538.063541 sending message 112 to peer 0x7fffd01d4b20 (8 bytes)
1755196538.063561 sending message 112 to peer 0x7fffd01d4b20 (8 bytes)
1755196538.063582 sending message 112 to peer 0x7fffd01d4b20 (13 bytes)
1755196538.063603 sending message 112 to peer 0x7fffd01d4b20 (7 bytes)
1755196538.063624 sending message 112 to peer 0x7fffd01d4b20 (7 bytes)
1755196538.063644 sending message 112 to peer 0x7fffd01d4b20 (9 bytes)
1755196538.063665 sending message 112 to peer 0x7fffd01d4b20 (9 bytes)
1755196538.063686 sending message 112 to peer 0x7fffd01d4b20 (15 bytes)
1755196538.063708 sending message 112 to peer 0x7fffd01d4b20 (13 bytes)
1755196538.063735 sending message 112 to peer 0x7fffd01d4b20 (12 bytes)
1755196538.063756 sending message 112 to peer 0x7fffd01d4b20 (8 bytes)
1755196538.063777 sending message 112 to peer 0x7fffd01d4b20 (14 bytes)
1755196538.063797 sending message 112 to peer 0x7fffd01d4b20 (11 bytes)
1755196538.063818 sending message 112 to peer 0x7fffd01d4b20 (9 bytes)
1755196538.063839 sending message 112 to peer 0x7fffd01d4b20 (10 bytes)
1755196538.063860 sending message 112 to peer 0x7fffd01d4b20 (10 bytes)
1755196538.063881 sending message 112 to peer 0x7fffd01d4b20 (10 bytes)
1755196538.063956 sending message 112 to peer 0x7fffd01d4b20 (10 bytes)
1755196538.063982 sending message 112 to peer 0x7fffd01d4b20 (11 bytes)
1755196538.064003 sending message 112 to peer 0x7fffd01d4b20 (12 bytes)
1755196538.064024 sending message 112 to peer 0x7fffd01d4b20 (12 bytes)
1755196538.064045 sending message 112 to peer 0x7fffd01d4b20 (12 bytes)
1755196538.064066 sending message 112 to peer 0x7fffd01d4b20 (12 bytes)
1755196538.064086 sending message 112 to peer 0x7fffd01d4b20 (12 bytes)
1755196538.064107 sending message 112 to peer 0x7fffd01d4b20 (11 bytes)
1755196538.064128 sending message 112 to peer 0x7fffd01d4b20 (11 bytes)
1755196538.064149 sending message 112 to peer 0x7fffd01d4b20 (12 bytes)
1755196538.064170 sending message 112 to peer 0x7fffd01d4b20 (12 bytes)
1755196538.064190 sending message 112 to peer 0x7fffd01d4b20 (12 bytes)
1755196538.064211 sending message 112 to peer 0x7fffd01d4b20 (12 bytes)
1755196538.064232 sending message 112 to peer 0x7fffd01d4b20 (12 bytes)
1755196538.064253 sending message 112 to peer 0x7fffd01d4b20 (9 bytes)
1755196538.064275 sending message 112 to peer 0x7fffd01d4b20 (12 bytes)
1755196538.064295 sending message 112 to peer 0x7fffd01d4b20 (13 bytes)
1755196538.064316 sending message 112 to peer 0x7fffd01d4b20 (13 bytes)
1755196538.064337 sending message 112 to peer 0x7fffd01d4b20 (13 bytes)
1755196538.064358 sending message 112 to peer 0x7fffd01d4b20 (13 bytes)
1755196538.064378 sending message 112 to peer 0x7fffd01d4b20 (13 bytes)
1755196538.064399 sending message 112 to peer 0x7fffd01d4b20 (8 bytes)
1755196538.064420 sending message 112 to peer 0x7fffd01d4b20 (11 bytes)
1755196538.064441 sending message 112 to peer 0x7fffd01d4b20 (11 bytes)
1755196538.064462 sending message 112 to peer 0x7fffd01d4b20 (11 bytes)
1755196538.064483 sending message 112 to peer 0x7fffd01d4b20 (12 bytes)
1755196538.064503 sending message 112 to peer 0x7fffd01d4b20 (12 bytes)
1755196538.064524 sending message 112 to peer 0x7fffd01d4b20 (12 bytes)
1755196538.064545 sending message 112 to peer 0x7fffd01d4b20 (12 bytes)
1755196538.064566 sending message 112 to peer 0x7fffd01d4b20 (13 bytes)
1755196538.064587 sending message 112 to peer 0x7fffd01d4b20 (13 bytes)
1755196538.064608 sending message 112 to peer 0x7fffd01d4b20 (13 bytes)
1755196538.064629 sending message 112 to peer 0x7fffd01d4b20 (8 bytes)
1755196538.064649 sending message 112 to peer 0x7fffd01d4b20 (13 bytes)
1755196538.064670 sending message 112 to peer 0x7fffd01d4b20 (13 bytes)
1755196538.064691 sending message 112 to peer 0x7fffd01d4b20 (13 bytes)
1755196538.064712 sending message 112 to peer 0x7fffd01d4b20 (13 bytes)
1755196538.064743 sending message 112 to peer 0x7fffd01d4b20 (13 bytes)
1755196538.064764 sending message 112 to peer 0x7fffd01d4b20 (12 bytes)
1755196538.064785 sending message 112 to peer 0x7fffd01d4b20 (12 bytes)
1755196538.064808 sending message 112 to peer 0x7fffd01d4b20 (12 bytes)
1755196538.064829 sending message 112 to peer 0x7fffd01d4b20 (12 bytes)
1755196538.064876 sending message 112 to peer 0x7fffd01d4b20 (13 bytes)
1755196538.064923 sending message 112 to peer 0x7fffd01d4b20 (8 bytes)
1755196538.064950 sending message 112 to peer 0x7fffd01d4b20 (13 bytes)
1755196538.064972 sending message 112 to peer 0x7fffd01d4b20 (13 bytes)
1755196538.065047 sending message 112 to peer 0x7fffd01d4b20 (13 bytes)
1755196538.065069 sending message 112 to peer 0x7fffd01d4b20 (13 bytes)
1755196538.065091 sending message 112 to peer 0x7fffd01d4b20 (13 bytes)
1755196538.065111 sending message 112 to peer 0x7fffd01d4b20 (13 bytes)
1755196538.065132 sending message 112 to peer 0x7fffd01d4b20 (13 bytes)
1755196538.065154 sending message 112 to peer 0x7fffd01d4b20 (12 bytes)
1755196538.065175 sending message 112 to peer 0x7fffd01d4b20 (12 bytes)
1755196538.065196 sending message 112 to peer 0x7fffd01d4b20 (12 bytes)
1755196538.065217 sending message 112 to peer 0x7fffd01d4b20 (8 bytes)
1755196538.065238 sending message 112 to peer 0x7fffd01d4b20 (12 bytes)
1755196538.065259 sending message 112 to peer 0x7fffd01d4b20 (13 bytes)
1755196538.065339 sending message 112 to peer 0x7fffd01d4b20 (13 bytes)
1755196538.065365 sending message 112 to peer 0x7fffd01d4b20 (13 bytes)
1755196538.065386 sending message 112 to peer 0x7fffd01d4b20 (13 bytes)
1755196538.065407 sending message 112 to peer 0x7fffd01d4b20 (13 bytes)
1755196538.065427 sending message 112 to peer 0x7fffd01d4b20 (13 bytes)
1755196538.065448 sending message 112 to peer 0x7fffd01d4b20 (13 bytes)
1755196538.065469 sending message 112 to peer 0x7fffd01d4b20 (13 bytes)
1755196538.065490 sending message 112 to peer 0x7fffd01d4b20 (12 bytes)
1755196538.065511 sending message 112 to peer 0x7fffd01d4b20 (10 bytes)
1755196538.065548 sending message 112 to peer 0x7fffd01d4b20 (12 bytes)
1755196538.065569 sending message 112 to peer 0x7fffd01d4b20 (12 bytes)
1755196538.065590 sending message 112 to peer 0x7fffd01d4b20 (12 bytes)
1755196538.065611 sending message 112 to peer 0x7fffd01d4b20 (13 bytes)
1755196538.065632 sending message 112 to peer 0x7fffd01d4b20 (13 bytes)
1755196538.065652 sending message 112 to peer 0x7fffd01d4b20 (13 bytes)
1755196538.065673 sending message 112 to peer 0x7fffd01d4b20 (13 bytes)
1755196538.065694 sending message 112 to peer 0x7fffd01d4b20 (13 bytes)
1755196538.065715 sending message 112 to peer 0x7fffd01d4b20 (13 bytes)
1755196538.065737 sending message 112 to peer 0x7fffd01d4b20 (13 bytes)
1755196538.065758 sending message 112 to peer 0x7fffd01d4b20 (10 bytes)
1755196538.065779 sending message 112 to peer 0x7fffd01d4b20 (13 bytes)
1755196538.065800 sending message 112 to peer 0x7fffd01d4b20 (12 bytes)
1755196538.065821 sending message 112 to peer 0x7fffd01d4b20 (12 bytes)
1755196538.065842 sending message 112 to peer 0x7fffd01d4b20 (12 bytes)
1755196538.065863 sending message 112 to peer 0x7fffd01d4b20 (10 bytes)
1755196538.065883 sending message 112 to peer 0x7fffd01d4b20 (10 bytes)
1755196538.065904 sending message 112 to peer 0x7fffd01d4b20 (10 bytes)
1755196538.065925 sending message 112 to peer 0x7fffd01d4b20 (12 bytes)
1755196538.065946 sending message 112 to peer 0x7fffd01d4b20 (13 bytes)
1755196538.065966 sending message 112 to peer 0x7fffd01d4b20 (13 bytes)
1755196538.065987 sending message 112 to peer 0x7fffd01d4b20 (13 bytes)
1755196538.066008 sending message 112 to peer 0x7fffd01d4b20 (13 bytes)
1755196538.066030 sending message 112 to peer 0x7fffd01d4b20 (13 bytes)
1755196538.066051 sending message 112 to peer 0x7fffd01d4b20 (10 bytes)
1755196538.066072 sending message 112 to peer 0x7fffd01d4b20 (11 bytes)
1755196538.066093 sending message 112 to peer 0x7fffd01d4b20 (12 bytes)
1755196538.066113 sending message 112 to peer 0x7fffd01d4b20 (12 bytes)
1755196538.066134 sending message 112 to peer 0x7fffd01d4b20 (12 bytes)
1755196538.066155 sending message 112 to peer 0x7fffd01d4b20 (12 bytes)
1755196538.066176 sending message 112 to peer 0x7fffd01d4b20 (12 bytes)
1755196538.066196 sending message 112 to peer 0x7fffd01d4b20 (11 bytes)
1755196538.066217 sending message 112 to peer 0x7fffd01d4b20 (12 bytes)
1755196538.066238 sending message 112 to peer 0x7fffd01d4b20 (12 bytes)
1755196538.066259 sending message 112 to peer 0x7fffd01d4b20 (13 bytes)
1755196538.066279 sending message 112 to peer 0x7fffd01d4b20 (13 bytes)
1755196538.066300 sending message 112 to peer 0x7fffd01d4b20 (13 bytes)
1755196538.066321 sending message 112 to peer 0x7fffd01d4b20 (13 bytes)
1755196538.066355 sending message 112 to peer 0x7fffd01d4b20 (13 bytes)
1755196538.066376 sending message 112 to peer 0x7fffd01d4b20 (10 bytes)
1755196538.066396 sending message 112 to peer 0x7fffd01d4b20 (9 bytes)
1755196538.066417 sending message 112 to peer 0x7fffd01d4b20 (12 bytes)
1755196538.066438 sending message 112 to peer 0x7fffd01d4b20 (13 bytes)
1755196538.066458 sending message 112 to peer 0x7fffd01d4b20 (13 bytes)
1755196538.066479 sending message 112 to peer 0x7fffd01d4b20 (13 bytes)
1755196538.066500 sending message 112 to peer 0x7fffd01d4b20 (13 bytes)
1755196538.066520 sending message 112 to peer 0x7fffd01d4b20 (13 bytes)
1755196538.066541 sending message 112 to peer 0x7fffd01d4b20 (9 bytes)
1755196538.066565 sending message 112 to peer 0x7fffd01d4b20 (12 bytes)
1755196538.066588 sending message 112 to peer 0x7fffd01d4b20 (13 bytes)
1755196538.066609 sending message 112 to peer 0x7fffd01d4b20 (13 bytes)
1755196538.066629 sending message 112 to peer 0x7fffd01d4b20 (13 bytes)
1755196538.066650 sending message 112 to peer 0x7fffd01d4b20 (13 bytes)
1755196538.066671 sending message 112 to peer 0x7fffd01d4b20 (13 bytes)
1755196538.066691 sending message 112 to peer 0x7fffd01d4b20 (11 bytes)
1755196538.066712 sending message 112 to peer 0x7fffd01d4b20 (12 bytes)
1755196538.066734 sending message 112 to peer 0x7fffd01d4b20 (13 bytes)
1755196538.066755 sending message 112 to peer 0x7fffd01d4b20 (13 bytes)
1755196538.066775 sending message 112 to peer 0x7fffd01d4b20 (13 bytes)
1755196538.066796 sending message 112 to peer 0x7fffd01d4b20 (13 bytes)
1755196538.066817 sending message 112 to peer 0x7fffd01d4b20 (13 bytes)
1755196538.066838 sending message 112 to peer 0x7fffd01d4b20 (11 bytes)
1755196538.066858 sending message 112 to peer 0x7fffd01d4b20 (12 bytes)
1755196538.066879 sending message 112 to peer 0x7fffd01d4b20 (12 bytes)
1755196538.066900 sending message 112 to peer 0x7fffd01d4b20 (12 bytes)
1755196538.066920 sending message 112 to peer 0x7fffd01d4b20 (12 bytes)
1755196538.066941 sending message 112 to peer 0x7fffd01d4b20 (12 bytes)
1755196538.066962 sending message 112 to peer 0x7fffd01d4b20 (21 bytes)
1755196538.066982 sending message 112 to peer 0x7fffd01d4b20 (12 bytes)
1755196538.067003 sending message 112 to peer 0x7fffd01d4b20 (9 bytes)
1755196538.067024 sending message 112 to peer 0x7fffd01d4b20 (6 bytes)
1755196538.067045 sending message 112 to peer 0x7fffd01d4b20 (13 bytes)
1755196538.067065 sending message 112 to peer 0x7fffd01d4b20 (10 bytes)
1755196538.067086 sending message 112 to peer 0x7fffd01d4b20 (24 bytes)
1755196538.067107 sending message 112 to peer 0x7fffd01d4b20 (13 bytes)
1755196538.067128 sending message 112 to peer 0x7fffd01d4b20 (9 bytes)
1755196538.067148 sending message 112 to peer 0x7fffd01d4b20 (70 bytes)
1755196538.067169 sending message 112 to peer 0x7fffd01d4b20 (69 bytes)
1755196538.067190 sending message 112 to peer 0x7fffd01d4b20 (12 bytes)
1755196538.067210 sending message 112 to peer 0x7fffd01d4b20 (10 bytes)
1755196538.067231 sending message 112 to peer 0x7fffd01d4b20 (10 bytes)
1755196538.067263 sending message 112 to peer 0x7fffd01d4b20 (24 bytes)
1755196538.067284 sending message 112 to peer 0x7fffd01d4b20 (13 bytes)
1755196538.067305 sending message 112 to peer 0x7fffd01d4b20 (10 bytes)
1755196538.067327 sending message 112 to peer 0x7fffd01d4b20 (10 bytes)
1755196538.067347 sending message 112 to peer 0x7fffd01d4b20 (10 bytes)
1755196538.067368 sending message 112 to peer 0x7fffd01d4b20 (13 bytes)
1755196538.067389 sending message 112 to peer 0x7fffd01d4b20 (15 bytes)
1755196538.067410 sending message 112 to peer 0x7fffd01d4b20 (5 bytes)
1755196538.067440 sending message 104 to peer 0x7fffd01d4b20 (0 bytes)
1755196538.067464 sending message 110 to peer 0x7fffd01d4b20 (0 bytes)
1755196538.067486 sending message 107 to peer 0x7fffd01d4b20 (4 bytes)
1755196538.067507 sending message 105 to peer 0x7fffd01d4b20 (16 bytes)
1755196538.067527 sending message 105 to peer 0x7fffd01d4b20 (13 bytes)
1755196538.067549 sending message 105 to peer 0x7fffd01d4b20 (2970 bytes)
1755196538.067586 sending message 105 to peer 0x7fffd01d4b20 (20 bytes)
1755196538.067609 sending message 105 to peer 0x7fffd01d4b20 (33 bytes)
1755196538.067630 sending message 105 to peer 0x7fffd01d4b20 (48 bytes)
1755196538.067696 sending message 105 to peer 0x7fffd01d4b20 (53 bytes)
1755196538.067718 sending message 105 to peer 0x7fffd01d4b20 (8 bytes)
1755196538.067740 sending message 105 to peer 0x7fffd01d4b20 (23 bytes)
1755196538.067761 sending message 105 to peer 0x7fffd01d4b20 (18 bytes)
1755196538.067782 sending message 105 to peer 0x7fffd01d4b20 (12 bytes)
1755196538.067803 sending message 105 to peer 0x7fffd01d4b20 (15 bytes)
1755196538.067823 sending message 105 to peer 0x7fffd01d4b20 (19 bytes)
1755196538.067894 sending message 105 to peer 0x7fffd01d4b20 (8 bytes)
1755196538.067918 sending message 105 to peer 0x7fffd01d4b20 (30 bytes)
1755196538.067939 sending message 105 to peer 0x7fffd01d4b20 (20 bytes)
1755196538.067960 sending message 105 to peer 0x7fffd01d4b20 (12 bytes)
1755196538.067981 sending message 105 to peer 0x7fffd01d4b20 (19 bytes)
1755196538.068001 sending message 105 to peer 0x7fffd01d4b20 (28 bytes)
1755196538.068022 sending message 105 to peer 0x7fffd01d4b20 (11 bytes)
1755196538.068043 sending message 105 to peer 0x7fffd01d4b20 (8 bytes)
1755196538.068063 sending message 105 to peer 0x7fffd01d4b20 (32 bytes)
1755196538.068085 sending message 105 to peer 0x7fffd01d4b20 (1817 bytes)
1755196538.068107 sending message 105 to peer 0x7fffd01d4b20 (10 bytes)
1755196538.068128 sending message 105 to peer 0x7fffd01d4b20 (23 bytes)
1755196538.068148 sending message 105 to peer 0x7fffd01d4b20 (26 bytes)
1755196538.068169 sending message 105 to peer 0x7fffd01d4b20 (16 bytes)
1755196538.068189 sending message 105 to peer 0x7fffd01d4b20 (53 bytes)
1755196538.068210 sending message 105 to peer 0x7fffd01d4b20 (62 bytes)
1755196538.068231 sending message 105 to peer 0x7fffd01d4b20 (41 bytes)
1755196538.068251 sending message 105 to peer 0x7fffd01d4b20 (16 bytes)
1755196538.068272 sending message 106 to peer 0x7fffd01d4b20 (0 bytes)
1755196538.068674 cmd_pack_argv: argv[0]=new
1755196538.068697 sending message 200 to peer 0x7fffd01d4b20 (8 bytes)
1755196538.068718 client loop enter
1755196538.194919 peer 0x7fffd01d4b20 message 207
1755196538.194956 sending message 208 to peer 0x7fffd01d4b20 (0 bytes)
1755196982.980115 client_signal: Hangup
1755196982.980152 sending message 205 to peer 0x7fffd01d4b20 (0 bytes)
1755196982.985186 client loop exit
