1755195441.172201 client started (16675): version 3.4, socket /tmp/tmux-1000/default, protocol 8
1755195441.172337 on Linux 4.4.0-19041-Microsoft #5794-Microsoft Mon Apr 07 17:55:00 PST 2025
1755195441.172382 using libevent 2.1.12-stable poll
1755195441.172419 using ncurses 6.4 20240113
1755195441.172507 flags are 0x18010000
1755195441.172566 socket is /tmp/tmux-1000/default
1755195441.172621 trying connect
1755195441.172745 connect failed: No such file or directory
1755195441.173112 lock file is /tmp/tmux-1000/default.lock
1755195441.173483 flock succeeded
1755195441.173507 got lock (6)
1755195441.173532 trying connect
1755195441.173619 connect failed: No such file or directory
1755195441.176577 add peer 0x7fffc77a3e10: 7 ((nil))
1755195441.178388 sending message 100 to peer 0x7fffc77a3e10 (4 bytes)
1755195441.178446 sending message 111 to peer 0x7fffc77a3e10 (8 bytes)
1755195441.178469 sending message 101 to peer 0x7fffc77a3e10 (15 bytes)
1755195441.178492 sending message 109 to peer 0x7fffc77a3e10 (4 bytes)
1755195441.178513 sending message 102 to peer 0x7fffc77a3e10 (10 bytes)
1755195441.178534 sending message 108 to peer 0x7fffc77a3e10 (26 bytes)
1755195441.178555 sending message 112 to peer 0x7fffc77a3e10 (58 bytes)
1755195441.178577 sending message 112 to peer 0x7fffc77a3e10 (5 bytes)
1755195441.178598 sending message 112 to peer 0x7fffc77a3e10 (5 bytes)
1755195441.178619 sending message 112 to peer 0x7fffc77a3e10 (6 bytes)
1755195441.178640 sending message 112 to peer 0x7fffc77a3e10 (6 bytes)
1755195441.178661 sending message 112 to peer 0x7fffc77a3e10 (11 bytes)
1755195441.178681 sending message 112 to peer 0x7fffc77a3e10 (10 bytes)
1755195441.178702 sending message 112 to peer 0x7fffc77a3e10 (13 bytes)
1755195441.178723 sending message 112 to peer 0x7fffc77a3e10 (14 bytes)
1755195441.178744 sending message 112 to peer 0x7fffc77a3e10 (19 bytes)
1755195441.178765 sending message 112 to peer 0x7fffc77a3e10 (11 bytes)
1755195441.178785 sending message 112 to peer 0x7fffc77a3e10 (10 bytes)
1755195441.178806 sending message 112 to peer 0x7fffc77a3e10 (15 bytes)
1755195441.178827 sending message 112 to peer 0x7fffc77a3e10 (21 bytes)
1755195441.178848 sending message 112 to peer 0x7fffc77a3e10 (13 bytes)
1755195441.178869 sending message 112 to peer 0x7fffc77a3e10 (7 bytes)
1755195441.178890 sending message 112 to peer 0x7fffc77a3e10 (13 bytes)
1755195441.178911 sending message 112 to peer 0x7fffc77a3e10 (7 bytes)
1755195441.178981 sending message 112 to peer 0x7fffc77a3e10 (13 bytes)
1755195441.179020 sending message 112 to peer 0x7fffc77a3e10 (9 bytes)
1755195441.179042 sending message 112 to peer 0x7fffc77a3e10 (21 bytes)
1755195441.179063 sending message 112 to peer 0x7fffc77a3e10 (13 bytes)
1755195441.179084 sending message 112 to peer 0x7fffc77a3e10 (9 bytes)
1755195441.179104 sending message 112 to peer 0x7fffc77a3e10 (16 bytes)
1755195441.179125 sending message 112 to peer 0x7fffc77a3e10 (13 bytes)
1755195441.179145 sending message 112 to peer 0x7fffc77a3e10 (9 bytes)
1755195441.179166 sending message 112 to peer 0x7fffc77a3e10 (9 bytes)
1755195441.179187 sending message 112 to peer 0x7fffc77a3e10 (12 bytes)
1755195441.179208 sending message 112 to peer 0x7fffc77a3e10 (8 bytes)
1755195441.179229 sending message 112 to peer 0x7fffc77a3e10 (8 bytes)
1755195441.179250 sending message 112 to peer 0x7fffc77a3e10 (13 bytes)
1755195441.179271 sending message 112 to peer 0x7fffc77a3e10 (7 bytes)
1755195441.179291 sending message 112 to peer 0x7fffc77a3e10 (7 bytes)
1755195441.179312 sending message 112 to peer 0x7fffc77a3e10 (9 bytes)
1755195441.179333 sending message 112 to peer 0x7fffc77a3e10 (9 bytes)
1755195441.179353 sending message 112 to peer 0x7fffc77a3e10 (15 bytes)
1755195441.179374 sending message 112 to peer 0x7fffc77a3e10 (13 bytes)
1755195441.179395 sending message 112 to peer 0x7fffc77a3e10 (12 bytes)
1755195441.179416 sending message 112 to peer 0x7fffc77a3e10 (8 bytes)
1755195441.179437 sending message 112 to peer 0x7fffc77a3e10 (14 bytes)
1755195441.179458 sending message 112 to peer 0x7fffc77a3e10 (11 bytes)
1755195441.179569 sending message 112 to peer 0x7fffc77a3e10 (9 bytes)
1755195441.179594 sending message 112 to peer 0x7fffc77a3e10 (10 bytes)
1755195441.179615 sending message 112 to peer 0x7fffc77a3e10 (10 bytes)
1755195441.179636 sending message 112 to peer 0x7fffc77a3e10 (10 bytes)
1755195441.179656 sending message 112 to peer 0x7fffc77a3e10 (10 bytes)
1755195441.179677 sending message 112 to peer 0x7fffc77a3e10 (11 bytes)
1755195441.179697 sending message 112 to peer 0x7fffc77a3e10 (12 bytes)
1755195441.179718 sending message 112 to peer 0x7fffc77a3e10 (12 bytes)
1755195441.179739 sending message 112 to peer 0x7fffc77a3e10 (12 bytes)
1755195441.179760 sending message 112 to peer 0x7fffc77a3e10 (12 bytes)
1755195441.179781 sending message 112 to peer 0x7fffc77a3e10 (12 bytes)
1755195441.179801 sending message 112 to peer 0x7fffc77a3e10 (11 bytes)
1755195441.179822 sending message 112 to peer 0x7fffc77a3e10 (11 bytes)
1755195441.179843 sending message 112 to peer 0x7fffc77a3e10 (12 bytes)
1755195441.179864 sending message 112 to peer 0x7fffc77a3e10 (12 bytes)
1755195441.179885 sending message 112 to peer 0x7fffc77a3e10 (12 bytes)
1755195441.179907 sending message 112 to peer 0x7fffc77a3e10 (12 bytes)
1755195441.179928 sending message 112 to peer 0x7fffc77a3e10 (12 bytes)
1755195441.179950 sending message 112 to peer 0x7fffc77a3e10 (9 bytes)
1755195441.179971 sending message 112 to peer 0x7fffc77a3e10 (12 bytes)
1755195441.179992 sending message 112 to peer 0x7fffc77a3e10 (13 bytes)
1755195441.180023 sending message 112 to peer 0x7fffc77a3e10 (13 bytes)
1755195441.180044 sending message 112 to peer 0x7fffc77a3e10 (13 bytes)
1755195441.180068 sending message 112 to peer 0x7fffc77a3e10 (13 bytes)
1755195441.180090 sending message 112 to peer 0x7fffc77a3e10 (13 bytes)
1755195441.180114 sending message 112 to peer 0x7fffc77a3e10 (8 bytes)
1755195441.180135 sending message 112 to peer 0x7fffc77a3e10 (11 bytes)
1755195441.180157 sending message 112 to peer 0x7fffc77a3e10 (11 bytes)
1755195441.180178 sending message 112 to peer 0x7fffc77a3e10 (11 bytes)
1755195441.180199 sending message 112 to peer 0x7fffc77a3e10 (12 bytes)
1755195441.180220 sending message 112 to peer 0x7fffc77a3e10 (12 bytes)
1755195441.180241 sending message 112 to peer 0x7fffc77a3e10 (12 bytes)
1755195441.180262 sending message 112 to peer 0x7fffc77a3e10 (12 bytes)
1755195441.180283 sending message 112 to peer 0x7fffc77a3e10 (13 bytes)
1755195441.180304 sending message 112 to peer 0x7fffc77a3e10 (13 bytes)
1755195441.180325 sending message 112 to peer 0x7fffc77a3e10 (13 bytes)
1755195441.180346 sending message 112 to peer 0x7fffc77a3e10 (8 bytes)
1755195441.180367 sending message 112 to peer 0x7fffc77a3e10 (13 bytes)
1755195441.180388 sending message 112 to peer 0x7fffc77a3e10 (13 bytes)
1755195441.180410 sending message 112 to peer 0x7fffc77a3e10 (13 bytes)
1755195441.180431 sending message 112 to peer 0x7fffc77a3e10 (13 bytes)
1755195441.180452 sending message 112 to peer 0x7fffc77a3e10 (13 bytes)
1755195441.180473 sending message 112 to peer 0x7fffc77a3e10 (12 bytes)
1755195441.180494 sending message 112 to peer 0x7fffc77a3e10 (12 bytes)
1755195441.180515 sending message 112 to peer 0x7fffc77a3e10 (12 bytes)
1755195441.180542 sending message 112 to peer 0x7fffc77a3e10 (12 bytes)
1755195441.180564 sending message 112 to peer 0x7fffc77a3e10 (13 bytes)
1755195441.180585 sending message 112 to peer 0x7fffc77a3e10 (8 bytes)
1755195441.180606 sending message 112 to peer 0x7fffc77a3e10 (13 bytes)
1755195441.180627 sending message 112 to peer 0x7fffc77a3e10 (13 bytes)
1755195441.180648 sending message 112 to peer 0x7fffc77a3e10 (13 bytes)
1755195441.180669 sending message 112 to peer 0x7fffc77a3e10 (13 bytes)
1755195441.180690 sending message 112 to peer 0x7fffc77a3e10 (13 bytes)
1755195441.180711 sending message 112 to peer 0x7fffc77a3e10 (13 bytes)
1755195441.180732 sending message 112 to peer 0x7fffc77a3e10 (13 bytes)
1755195441.180753 sending message 112 to peer 0x7fffc77a3e10 (12 bytes)
1755195441.180774 sending message 112 to peer 0x7fffc77a3e10 (12 bytes)
1755195441.180918 sending message 112 to peer 0x7fffc77a3e10 (12 bytes)
1755195441.180948 sending message 112 to peer 0x7fffc77a3e10 (8 bytes)
1755195441.180970 sending message 112 to peer 0x7fffc77a3e10 (12 bytes)
1755195441.180991 sending message 112 to peer 0x7fffc77a3e10 (13 bytes)
1755195441.181071 sending message 112 to peer 0x7fffc77a3e10 (13 bytes)
1755195441.181103 sending message 112 to peer 0x7fffc77a3e10 (13 bytes)
1755195441.181135 sending message 112 to peer 0x7fffc77a3e10 (13 bytes)
1755195441.181160 sending message 112 to peer 0x7fffc77a3e10 (13 bytes)
1755195441.181182 sending message 112 to peer 0x7fffc77a3e10 (13 bytes)
1755195441.181204 sending message 112 to peer 0x7fffc77a3e10 (13 bytes)
1755195441.181225 sending message 112 to peer 0x7fffc77a3e10 (13 bytes)
1755195441.181246 sending message 112 to peer 0x7fffc77a3e10 (12 bytes)
1755195441.181267 sending message 112 to peer 0x7fffc77a3e10 (10 bytes)
1755195441.181288 sending message 112 to peer 0x7fffc77a3e10 (12 bytes)
1755195441.181309 sending message 112 to peer 0x7fffc77a3e10 (12 bytes)
1755195441.181330 sending message 112 to peer 0x7fffc77a3e10 (12 bytes)
1755195441.181352 sending message 112 to peer 0x7fffc77a3e10 (13 bytes)
1755195441.181373 sending message 112 to peer 0x7fffc77a3e10 (13 bytes)
1755195441.181394 sending message 112 to peer 0x7fffc77a3e10 (13 bytes)
1755195441.181415 sending message 112 to peer 0x7fffc77a3e10 (13 bytes)
1755195441.181436 sending message 112 to peer 0x7fffc77a3e10 (13 bytes)
1755195441.181458 sending message 112 to peer 0x7fffc77a3e10 (13 bytes)
1755195441.181479 sending message 112 to peer 0x7fffc77a3e10 (13 bytes)
1755195441.181500 sending message 112 to peer 0x7fffc77a3e10 (10 bytes)
1755195441.181521 sending message 112 to peer 0x7fffc77a3e10 (13 bytes)
1755195441.181543 sending message 112 to peer 0x7fffc77a3e10 (12 bytes)
1755195441.181564 sending message 112 to peer 0x7fffc77a3e10 (12 bytes)
1755195441.181586 sending message 112 to peer 0x7fffc77a3e10 (12 bytes)
1755195441.181607 sending message 112 to peer 0x7fffc77a3e10 (10 bytes)
1755195441.181628 sending message 112 to peer 0x7fffc77a3e10 (10 bytes)
1755195441.181650 sending message 112 to peer 0x7fffc77a3e10 (10 bytes)
1755195441.181671 sending message 112 to peer 0x7fffc77a3e10 (12 bytes)
1755195441.181692 sending message 112 to peer 0x7fffc77a3e10 (13 bytes)
1755195441.181714 sending message 112 to peer 0x7fffc77a3e10 (13 bytes)
1755195441.181735 sending message 112 to peer 0x7fffc77a3e10 (13 bytes)
1755195441.181756 sending message 112 to peer 0x7fffc77a3e10 (13 bytes)
1755195441.181777 sending message 112 to peer 0x7fffc77a3e10 (13 bytes)
1755195441.181799 sending message 112 to peer 0x7fffc77a3e10 (10 bytes)
1755195441.181820 sending message 112 to peer 0x7fffc77a3e10 (11 bytes)
1755195441.181841 sending message 112 to peer 0x7fffc77a3e10 (12 bytes)
1755195441.181862 sending message 112 to peer 0x7fffc77a3e10 (12 bytes)
1755195441.181883 sending message 112 to peer 0x7fffc77a3e10 (12 bytes)
1755195441.181904 sending message 112 to peer 0x7fffc77a3e10 (12 bytes)
1755195441.181926 sending message 112 to peer 0x7fffc77a3e10 (12 bytes)
1755195441.181947 sending message 112 to peer 0x7fffc77a3e10 (11 bytes)
1755195441.181969 sending message 112 to peer 0x7fffc77a3e10 (12 bytes)
1755195441.181990 sending message 112 to peer 0x7fffc77a3e10 (12 bytes)
1755195441.182013 sending message 112 to peer 0x7fffc77a3e10 (13 bytes)
1755195441.182035 sending message 112 to peer 0x7fffc77a3e10 (13 bytes)
1755195441.182056 sending message 112 to peer 0x7fffc77a3e10 (13 bytes)
1755195441.182077 sending message 112 to peer 0x7fffc77a3e10 (13 bytes)
1755195441.182097 sending message 112 to peer 0x7fffc77a3e10 (13 bytes)
1755195441.182118 sending message 112 to peer 0x7fffc77a3e10 (10 bytes)
1755195441.182139 sending message 112 to peer 0x7fffc77a3e10 (9 bytes)
1755195441.182160 sending message 112 to peer 0x7fffc77a3e10 (12 bytes)
1755195441.182181 sending message 112 to peer 0x7fffc77a3e10 (13 bytes)
1755195441.182202 sending message 112 to peer 0x7fffc77a3e10 (13 bytes)
1755195441.182230 sending message 112 to peer 0x7fffc77a3e10 (13 bytes)
1755195441.182255 sending message 112 to peer 0x7fffc77a3e10 (13 bytes)
1755195441.182276 sending message 112 to peer 0x7fffc77a3e10 (13 bytes)
1755195441.182297 sending message 112 to peer 0x7fffc77a3e10 (9 bytes)
1755195441.182318 sending message 112 to peer 0x7fffc77a3e10 (12 bytes)
1755195441.182339 sending message 112 to peer 0x7fffc77a3e10 (13 bytes)
1755195441.182360 sending message 112 to peer 0x7fffc77a3e10 (13 bytes)
1755195441.182381 sending message 112 to peer 0x7fffc77a3e10 (13 bytes)
1755195441.182402 sending message 112 to peer 0x7fffc77a3e10 (13 bytes)
1755195441.182423 sending message 112 to peer 0x7fffc77a3e10 (13 bytes)
1755195441.182445 sending message 112 to peer 0x7fffc77a3e10 (11 bytes)
1755195441.182466 sending message 112 to peer 0x7fffc77a3e10 (12 bytes)
1755195441.182486 sending message 112 to peer 0x7fffc77a3e10 (13 bytes)
1755195441.182508 sending message 112 to peer 0x7fffc77a3e10 (13 bytes)
1755195441.182529 sending message 112 to peer 0x7fffc77a3e10 (13 bytes)
1755195441.182550 sending message 112 to peer 0x7fffc77a3e10 (13 bytes)
1755195441.182571 sending message 112 to peer 0x7fffc77a3e10 (13 bytes)
1755195441.182591 sending message 112 to peer 0x7fffc77a3e10 (11 bytes)
1755195441.182612 sending message 112 to peer 0x7fffc77a3e10 (12 bytes)
1755195441.182634 sending message 112 to peer 0x7fffc77a3e10 (12 bytes)
1755195441.182655 sending message 112 to peer 0x7fffc77a3e10 (12 bytes)
1755195441.182676 sending message 112 to peer 0x7fffc77a3e10 (12 bytes)
1755195441.182697 sending message 112 to peer 0x7fffc77a3e10 (12 bytes)
1755195441.182718 sending message 112 to peer 0x7fffc77a3e10 (21 bytes)
1755195441.182739 sending message 112 to peer 0x7fffc77a3e10 (12 bytes)
1755195441.182760 sending message 112 to peer 0x7fffc77a3e10 (9 bytes)
1755195441.182781 sending message 112 to peer 0x7fffc77a3e10 (6 bytes)
1755195441.182802 sending message 112 to peer 0x7fffc77a3e10 (13 bytes)
1755195441.182823 sending message 112 to peer 0x7fffc77a3e10 (10 bytes)
1755195441.182845 sending message 112 to peer 0x7fffc77a3e10 (24 bytes)
1755195441.182866 sending message 112 to peer 0x7fffc77a3e10 (13 bytes)
1755195441.182886 sending message 112 to peer 0x7fffc77a3e10 (9 bytes)
1755195441.182908 sending message 112 to peer 0x7fffc77a3e10 (70 bytes)
1755195441.182929 sending message 112 to peer 0x7fffc77a3e10 (69 bytes)
1755195441.182950 sending message 112 to peer 0x7fffc77a3e10 (12 bytes)
1755195441.182971 sending message 112 to peer 0x7fffc77a3e10 (10 bytes)
1755195441.182992 sending message 112 to peer 0x7fffc77a3e10 (10 bytes)
1755195441.183015 sending message 112 to peer 0x7fffc77a3e10 (24 bytes)
1755195441.183036 sending message 112 to peer 0x7fffc77a3e10 (13 bytes)
1755195441.183057 sending message 112 to peer 0x7fffc77a3e10 (10 bytes)
1755195441.183078 sending message 112 to peer 0x7fffc77a3e10 (10 bytes)
1755195441.183100 sending message 112 to peer 0x7fffc77a3e10 (10 bytes)
1755195441.183121 sending message 112 to peer 0x7fffc77a3e10 (13 bytes)
1755195441.183142 sending message 112 to peer 0x7fffc77a3e10 (15 bytes)
1755195441.183163 sending message 112 to peer 0x7fffc77a3e10 (5 bytes)
1755195441.183189 sending message 104 to peer 0x7fffc77a3e10 (0 bytes)
1755195441.183213 sending message 110 to peer 0x7fffc77a3e10 (0 bytes)
1755195441.183235 sending message 107 to peer 0x7fffc77a3e10 (4 bytes)
1755195441.183256 sending message 105 to peer 0x7fffc77a3e10 (16 bytes)
1755195441.183277 sending message 105 to peer 0x7fffc77a3e10 (13 bytes)
1755195441.183298 sending message 105 to peer 0x7fffc77a3e10 (2970 bytes)
1755195441.183347 sending message 105 to peer 0x7fffc77a3e10 (20 bytes)
1755195441.183369 sending message 105 to peer 0x7fffc77a3e10 (33 bytes)
1755195441.183390 sending message 105 to peer 0x7fffc77a3e10 (48 bytes)
1755195441.183411 sending message 105 to peer 0x7fffc77a3e10 (53 bytes)
1755195441.183432 sending message 105 to peer 0x7fffc77a3e10 (8 bytes)
1755195441.183453 sending message 105 to peer 0x7fffc77a3e10 (23 bytes)
1755195441.183554 sending message 105 to peer 0x7fffc77a3e10 (18 bytes)
1755195441.183579 sending message 105 to peer 0x7fffc77a3e10 (12 bytes)
1755195441.183601 sending message 105 to peer 0x7fffc77a3e10 (15 bytes)
1755195441.183625 sending message 105 to peer 0x7fffc77a3e10 (19 bytes)
1755195441.183646 sending message 105 to peer 0x7fffc77a3e10 (8 bytes)
1755195441.183667 sending message 105 to peer 0x7fffc77a3e10 (30 bytes)
1755195441.183688 sending message 105 to peer 0x7fffc77a3e10 (20 bytes)
1755195441.183709 sending message 105 to peer 0x7fffc77a3e10 (12 bytes)
1755195441.183731 sending message 105 to peer 0x7fffc77a3e10 (19 bytes)
1755195441.183751 sending message 105 to peer 0x7fffc77a3e10 (28 bytes)
1755195441.183772 sending message 105 to peer 0x7fffc77a3e10 (11 bytes)
1755195441.183793 sending message 105 to peer 0x7fffc77a3e10 (8 bytes)
1755195441.183814 sending message 105 to peer 0x7fffc77a3e10 (32 bytes)
1755195441.183837 sending message 105 to peer 0x7fffc77a3e10 (1817 bytes)
1755195441.183860 sending message 105 to peer 0x7fffc77a3e10 (10 bytes)
1755195441.183882 sending message 105 to peer 0x7fffc77a3e10 (23 bytes)
1755195441.183903 sending message 105 to peer 0x7fffc77a3e10 (26 bytes)
1755195441.183924 sending message 105 to peer 0x7fffc77a3e10 (16 bytes)
1755195441.183945 sending message 105 to peer 0x7fffc77a3e10 (53 bytes)
1755195441.183967 sending message 105 to peer 0x7fffc77a3e10 (62 bytes)
1755195441.183988 sending message 105 to peer 0x7fffc77a3e10 (41 bytes)
1755195441.184011 sending message 105 to peer 0x7fffc77a3e10 (16 bytes)
1755195441.184032 sending message 106 to peer 0x7fffc77a3e10 (0 bytes)
1755195441.184424 cmd_pack_argv: argv[0]=new
1755195441.184447 sending message 200 to peer 0x7fffc77a3e10 (8 bytes)
1755195441.184469 client loop enter
1755195441.184552 client_signal: Child exited
1755195444.546764 peer 0x7fffc77a3e10 message 207
1755195444.546801 sending message 208 to peer 0x7fffc77a3e10 (0 bytes)
1755196525.233856 client_signal: Hangup
1755196525.234001 sending message 205 to peer 0x7fffc77a3e10 (0 bytes)
1755196525.234947 client loop exit
