1755195423.653441 client started (16631): version 3.4, socket /tmp/tmux-1000/default, protocol 8
1755195423.653568 on Linux 4.4.0-19041-Microsoft #5794-Microsoft Mon Apr 07 17:55:00 PST 2025
1755195423.653611 using libevent 2.1.12-stable poll
1755195423.653649 using ncurses 6.4 20240113
1755195423.653738 flags are 0x18010000
1755195423.653798 socket is /tmp/tmux-1000/default
1755195423.653852 trying connect
1755195423.654112 add peer 0x7fffdf970b20: 6 ((nil))
1755195423.655521 sending message 100 to peer 0x7fffdf970b20 (4 bytes)
1755195423.655908 sending message 111 to peer 0x7fffdf970b20 (8 bytes)
1755195423.655951 sending message 101 to peer 0x7fffdf970b20 (15 bytes)
1755195423.655989 sending message 109 to peer 0x7fffdf970b20 (4 bytes)
1755195423.656026 sending message 102 to peer 0x7fffdf970b20 (10 bytes)
1755195423.656063 sending message 108 to peer 0x7fffdf970b20 (26 bytes)
1755195423.656091 sending message 112 to peer 0x7fffdf970b20 (58 bytes)
1755195423.656112 sending message 112 to peer 0x7fffdf970b20 (5 bytes)
1755195423.656133 sending message 112 to peer 0x7fffdf970b20 (5 bytes)
1755195423.656154 sending message 112 to peer 0x7fffdf970b20 (6 bytes)
1755195423.656175 sending message 112 to peer 0x7fffdf970b20 (6 bytes)
1755195423.656197 sending message 112 to peer 0x7fffdf970b20 (11 bytes)
1755195423.656218 sending message 112 to peer 0x7fffdf970b20 (10 bytes)
1755195423.656239 sending message 112 to peer 0x7fffdf970b20 (13 bytes)
1755195423.656260 sending message 112 to peer 0x7fffdf970b20 (14 bytes)
1755195423.656281 sending message 112 to peer 0x7fffdf970b20 (19 bytes)
1755195423.656302 sending message 112 to peer 0x7fffdf970b20 (11 bytes)
1755195423.656324 sending message 112 to peer 0x7fffdf970b20 (10 bytes)
1755195423.656345 sending message 112 to peer 0x7fffdf970b20 (15 bytes)
1755195423.656366 sending message 112 to peer 0x7fffdf970b20 (21 bytes)
1755195423.656387 sending message 112 to peer 0x7fffdf970b20 (13 bytes)
1755195423.656408 sending message 112 to peer 0x7fffdf970b20 (7 bytes)
1755195423.656429 sending message 112 to peer 0x7fffdf970b20 (13 bytes)
1755195423.656450 sending message 112 to peer 0x7fffdf970b20 (7 bytes)
1755195423.656472 sending message 112 to peer 0x7fffdf970b20 (13 bytes)
1755195423.656493 sending message 112 to peer 0x7fffdf970b20 (9 bytes)
1755195423.656514 sending message 112 to peer 0x7fffdf970b20 (21 bytes)
1755195423.656535 sending message 112 to peer 0x7fffdf970b20 (13 bytes)
1755195423.656556 sending message 112 to peer 0x7fffdf970b20 (9 bytes)
1755195423.656577 sending message 112 to peer 0x7fffdf970b20 (16 bytes)
1755195423.656598 sending message 112 to peer 0x7fffdf970b20 (13 bytes)
1755195423.656619 sending message 112 to peer 0x7fffdf970b20 (9 bytes)
1755195423.656640 sending message 112 to peer 0x7fffdf970b20 (9 bytes)
1755195423.656662 sending message 112 to peer 0x7fffdf970b20 (12 bytes)
1755195423.656683 sending message 112 to peer 0x7fffdf970b20 (8 bytes)
1755195423.656704 sending message 112 to peer 0x7fffdf970b20 (8 bytes)
1755195423.656726 sending message 112 to peer 0x7fffdf970b20 (13 bytes)
1755195423.656747 sending message 112 to peer 0x7fffdf970b20 (7 bytes)
1755195423.656768 sending message 112 to peer 0x7fffdf970b20 (7 bytes)
1755195423.656791 sending message 112 to peer 0x7fffdf970b20 (9 bytes)
1755195423.656812 sending message 112 to peer 0x7fffdf970b20 (9 bytes)
1755195423.656833 sending message 112 to peer 0x7fffdf970b20 (15 bytes)
1755195423.656854 sending message 112 to peer 0x7fffdf970b20 (13 bytes)
1755195423.656875 sending message 112 to peer 0x7fffdf970b20 (12 bytes)
1755195423.656896 sending message 112 to peer 0x7fffdf970b20 (8 bytes)
1755195423.656917 sending message 112 to peer 0x7fffdf970b20 (14 bytes)
1755195423.656939 sending message 112 to peer 0x7fffdf970b20 (11 bytes)
1755195423.656960 sending message 112 to peer 0x7fffdf970b20 (9 bytes)
1755195423.656981 sending message 112 to peer 0x7fffdf970b20 (10 bytes)
1755195423.657002 sending message 112 to peer 0x7fffdf970b20 (10 bytes)
1755195423.657023 sending message 112 to peer 0x7fffdf970b20 (10 bytes)
1755195423.657094 sending message 112 to peer 0x7fffdf970b20 (10 bytes)
1755195423.657118 sending message 112 to peer 0x7fffdf970b20 (11 bytes)
1755195423.657140 sending message 112 to peer 0x7fffdf970b20 (12 bytes)
1755195423.657161 sending message 112 to peer 0x7fffdf970b20 (12 bytes)
1755195423.657182 sending message 112 to peer 0x7fffdf970b20 (12 bytes)
1755195423.657203 sending message 112 to peer 0x7fffdf970b20 (12 bytes)
1755195423.657224 sending message 112 to peer 0x7fffdf970b20 (12 bytes)
1755195423.657245 sending message 112 to peer 0x7fffdf970b20 (11 bytes)
1755195423.657267 sending message 112 to peer 0x7fffdf970b20 (11 bytes)
1755195423.657288 sending message 112 to peer 0x7fffdf970b20 (12 bytes)
1755195423.657309 sending message 112 to peer 0x7fffdf970b20 (12 bytes)
1755195423.657330 sending message 112 to peer 0x7fffdf970b20 (12 bytes)
1755195423.657351 sending message 112 to peer 0x7fffdf970b20 (12 bytes)
1755195423.657372 sending message 112 to peer 0x7fffdf970b20 (12 bytes)
1755195423.657393 sending message 112 to peer 0x7fffdf970b20 (9 bytes)
1755195423.657414 sending message 112 to peer 0x7fffdf970b20 (12 bytes)
1755195423.657436 sending message 112 to peer 0x7fffdf970b20 (13 bytes)
1755195423.657457 sending message 112 to peer 0x7fffdf970b20 (13 bytes)
1755195423.657478 sending message 112 to peer 0x7fffdf970b20 (13 bytes)
1755195423.657499 sending message 112 to peer 0x7fffdf970b20 (13 bytes)
1755195423.657520 sending message 112 to peer 0x7fffdf970b20 (13 bytes)
1755195423.657541 sending message 112 to peer 0x7fffdf970b20 (8 bytes)
1755195423.657562 sending message 112 to peer 0x7fffdf970b20 (11 bytes)
1755195423.657583 sending message 112 to peer 0x7fffdf970b20 (11 bytes)
1755195423.657604 sending message 112 to peer 0x7fffdf970b20 (11 bytes)
1755195423.657625 sending message 112 to peer 0x7fffdf970b20 (12 bytes)
1755195423.657647 sending message 112 to peer 0x7fffdf970b20 (12 bytes)
1755195423.657668 sending message 112 to peer 0x7fffdf970b20 (12 bytes)
1755195423.657689 sending message 112 to peer 0x7fffdf970b20 (12 bytes)
1755195423.657710 sending message 112 to peer 0x7fffdf970b20 (13 bytes)
1755195423.657732 sending message 112 to peer 0x7fffdf970b20 (13 bytes)
1755195423.657753 sending message 112 to peer 0x7fffdf970b20 (13 bytes)
1755195423.657775 sending message 112 to peer 0x7fffdf970b20 (8 bytes)
1755195423.657796 sending message 112 to peer 0x7fffdf970b20 (13 bytes)
1755195423.657817 sending message 112 to peer 0x7fffdf970b20 (13 bytes)
1755195423.657838 sending message 112 to peer 0x7fffdf970b20 (13 bytes)
1755195423.657860 sending message 112 to peer 0x7fffdf970b20 (13 bytes)
1755195423.657881 sending message 112 to peer 0x7fffdf970b20 (13 bytes)
1755195423.657902 sending message 112 to peer 0x7fffdf970b20 (12 bytes)
1755195423.657923 sending message 112 to peer 0x7fffdf970b20 (12 bytes)
1755195423.657944 sending message 112 to peer 0x7fffdf970b20 (12 bytes)
1755195423.657965 sending message 112 to peer 0x7fffdf970b20 (12 bytes)
1755195423.657987 sending message 112 to peer 0x7fffdf970b20 (13 bytes)
1755195423.658008 sending message 112 to peer 0x7fffdf970b20 (8 bytes)
1755195423.658029 sending message 112 to peer 0x7fffdf970b20 (13 bytes)
1755195423.658050 sending message 112 to peer 0x7fffdf970b20 (13 bytes)
1755195423.658071 sending message 112 to peer 0x7fffdf970b20 (13 bytes)
1755195423.658092 sending message 112 to peer 0x7fffdf970b20 (13 bytes)
1755195423.658114 sending message 112 to peer 0x7fffdf970b20 (13 bytes)
1755195423.658135 sending message 112 to peer 0x7fffdf970b20 (13 bytes)
1755195423.658156 sending message 112 to peer 0x7fffdf970b20 (13 bytes)
1755195423.658177 sending message 112 to peer 0x7fffdf970b20 (12 bytes)
1755195423.658198 sending message 112 to peer 0x7fffdf970b20 (12 bytes)
1755195423.658219 sending message 112 to peer 0x7fffdf970b20 (12 bytes)
1755195423.658241 sending message 112 to peer 0x7fffdf970b20 (8 bytes)
1755195423.658262 sending message 112 to peer 0x7fffdf970b20 (12 bytes)
1755195423.658283 sending message 112 to peer 0x7fffdf970b20 (13 bytes)
1755195423.658350 sending message 112 to peer 0x7fffdf970b20 (13 bytes)
1755195423.658374 sending message 112 to peer 0x7fffdf970b20 (13 bytes)
1755195423.658395 sending message 112 to peer 0x7fffdf970b20 (13 bytes)
1755195423.658417 sending message 112 to peer 0x7fffdf970b20 (13 bytes)
1755195423.658438 sending message 112 to peer 0x7fffdf970b20 (13 bytes)
1755195423.658459 sending message 112 to peer 0x7fffdf970b20 (13 bytes)
1755195423.658480 sending message 112 to peer 0x7fffdf970b20 (13 bytes)
1755195423.658501 sending message 112 to peer 0x7fffdf970b20 (12 bytes)
1755195423.658522 sending message 112 to peer 0x7fffdf970b20 (10 bytes)
1755195423.658543 sending message 112 to peer 0x7fffdf970b20 (12 bytes)
1755195423.658564 sending message 112 to peer 0x7fffdf970b20 (12 bytes)
1755195423.658586 sending message 112 to peer 0x7fffdf970b20 (12 bytes)
1755195423.658607 sending message 112 to peer 0x7fffdf970b20 (13 bytes)
1755195423.658628 sending message 112 to peer 0x7fffdf970b20 (13 bytes)
1755195423.658649 sending message 112 to peer 0x7fffdf970b20 (13 bytes)
1755195423.658670 sending message 112 to peer 0x7fffdf970b20 (13 bytes)
1755195423.658691 sending message 112 to peer 0x7fffdf970b20 (13 bytes)
1755195423.658712 sending message 112 to peer 0x7fffdf970b20 (13 bytes)
1755195423.658733 sending message 112 to peer 0x7fffdf970b20 (13 bytes)
1755195423.658754 sending message 112 to peer 0x7fffdf970b20 (10 bytes)
1755195423.658777 sending message 112 to peer 0x7fffdf970b20 (13 bytes)
1755195423.658815 sending message 112 to peer 0x7fffdf970b20 (12 bytes)
1755195423.658837 sending message 112 to peer 0x7fffdf970b20 (12 bytes)
1755195423.658858 sending message 112 to peer 0x7fffdf970b20 (12 bytes)
1755195423.658879 sending message 112 to peer 0x7fffdf970b20 (10 bytes)
1755195423.658900 sending message 112 to peer 0x7fffdf970b20 (10 bytes)
1755195423.658921 sending message 112 to peer 0x7fffdf970b20 (10 bytes)
1755195423.658942 sending message 112 to peer 0x7fffdf970b20 (12 bytes)
1755195423.658963 sending message 112 to peer 0x7fffdf970b20 (13 bytes)
1755195423.658985 sending message 112 to peer 0x7fffdf970b20 (13 bytes)
1755195423.659006 sending message 112 to peer 0x7fffdf970b20 (13 bytes)
1755195423.659027 sending message 112 to peer 0x7fffdf970b20 (13 bytes)
1755195423.659048 sending message 112 to peer 0x7fffdf970b20 (13 bytes)
1755195423.659069 sending message 112 to peer 0x7fffdf970b20 (10 bytes)
1755195423.659090 sending message 112 to peer 0x7fffdf970b20 (11 bytes)
1755195423.659111 sending message 112 to peer 0x7fffdf970b20 (12 bytes)
1755195423.659133 sending message 112 to peer 0x7fffdf970b20 (12 bytes)
1755195423.659154 sending message 112 to peer 0x7fffdf970b20 (12 bytes)
1755195423.659175 sending message 112 to peer 0x7fffdf970b20 (12 bytes)
1755195423.659196 sending message 112 to peer 0x7fffdf970b20 (12 bytes)
1755195423.659217 sending message 112 to peer 0x7fffdf970b20 (11 bytes)
1755195423.659238 sending message 112 to peer 0x7fffdf970b20 (12 bytes)
1755195423.659259 sending message 112 to peer 0x7fffdf970b20 (12 bytes)
1755195423.659281 sending message 112 to peer 0x7fffdf970b20 (13 bytes)
1755195423.659302 sending message 112 to peer 0x7fffdf970b20 (13 bytes)
1755195423.659323 sending message 112 to peer 0x7fffdf970b20 (13 bytes)
1755195423.659344 sending message 112 to peer 0x7fffdf970b20 (13 bytes)
1755195423.659365 sending message 112 to peer 0x7fffdf970b20 (13 bytes)
1755195423.659386 sending message 112 to peer 0x7fffdf970b20 (10 bytes)
1755195423.659407 sending message 112 to peer 0x7fffdf970b20 (9 bytes)
1755195423.659429 sending message 112 to peer 0x7fffdf970b20 (12 bytes)
1755195423.659450 sending message 112 to peer 0x7fffdf970b20 (13 bytes)
1755195423.659471 sending message 112 to peer 0x7fffdf970b20 (13 bytes)
1755195423.659492 sending message 112 to peer 0x7fffdf970b20 (13 bytes)
1755195423.659513 sending message 112 to peer 0x7fffdf970b20 (13 bytes)
1755195423.659534 sending message 112 to peer 0x7fffdf970b20 (13 bytes)
1755195423.659556 sending message 112 to peer 0x7fffdf970b20 (9 bytes)
1755195423.659580 sending message 112 to peer 0x7fffdf970b20 (12 bytes)
1755195423.659603 sending message 112 to peer 0x7fffdf970b20 (13 bytes)
1755195423.659624 sending message 112 to peer 0x7fffdf970b20 (13 bytes)
1755195423.659645 sending message 112 to peer 0x7fffdf970b20 (13 bytes)
1755195423.659666 sending message 112 to peer 0x7fffdf970b20 (13 bytes)
1755195423.659687 sending message 112 to peer 0x7fffdf970b20 (13 bytes)
1755195423.659708 sending message 112 to peer 0x7fffdf970b20 (11 bytes)
1755195423.659730 sending message 112 to peer 0x7fffdf970b20 (12 bytes)
1755195423.659751 sending message 112 to peer 0x7fffdf970b20 (13 bytes)
1755195423.659772 sending message 112 to peer 0x7fffdf970b20 (13 bytes)
1755195423.659794 sending message 112 to peer 0x7fffdf970b20 (13 bytes)
1755195423.659816 sending message 112 to peer 0x7fffdf970b20 (13 bytes)
1755195423.659837 sending message 112 to peer 0x7fffdf970b20 (13 bytes)
1755195423.659858 sending message 112 to peer 0x7fffdf970b20 (11 bytes)
1755195423.659896 sending message 112 to peer 0x7fffdf970b20 (12 bytes)
1755195423.659921 sending message 112 to peer 0x7fffdf970b20 (12 bytes)
1755195423.659943 sending message 112 to peer 0x7fffdf970b20 (12 bytes)
1755195423.659964 sending message 112 to peer 0x7fffdf970b20 (12 bytes)
1755195423.659986 sending message 112 to peer 0x7fffdf970b20 (12 bytes)
1755195423.660007 sending message 112 to peer 0x7fffdf970b20 (21 bytes)
1755195423.660029 sending message 112 to peer 0x7fffdf970b20 (12 bytes)
1755195423.660050 sending message 112 to peer 0x7fffdf970b20 (9 bytes)
1755195423.660072 sending message 112 to peer 0x7fffdf970b20 (6 bytes)
1755195423.660096 sending message 112 to peer 0x7fffdf970b20 (13 bytes)
1755195423.660119 sending message 112 to peer 0x7fffdf970b20 (10 bytes)
1755195423.660141 sending message 112 to peer 0x7fffdf970b20 (24 bytes)
1755195423.660163 sending message 112 to peer 0x7fffdf970b20 (13 bytes)
1755195423.660184 sending message 112 to peer 0x7fffdf970b20 (9 bytes)
1755195423.660206 sending message 112 to peer 0x7fffdf970b20 (70 bytes)
1755195423.660227 sending message 112 to peer 0x7fffdf970b20 (69 bytes)
1755195423.660249 sending message 112 to peer 0x7fffdf970b20 (12 bytes)
1755195423.660271 sending message 112 to peer 0x7fffdf970b20 (10 bytes)
1755195423.660293 sending message 112 to peer 0x7fffdf970b20 (10 bytes)
1755195423.660315 sending message 112 to peer 0x7fffdf970b20 (24 bytes)
1755195423.660336 sending message 112 to peer 0x7fffdf970b20 (13 bytes)
1755195423.660357 sending message 112 to peer 0x7fffdf970b20 (10 bytes)
1755195423.660379 sending message 112 to peer 0x7fffdf970b20 (10 bytes)
1755195423.660610 sending message 112 to peer 0x7fffdf970b20 (10 bytes)
1755195423.660850 sending message 112 to peer 0x7fffdf970b20 (13 bytes)
1755195423.660879 sending message 112 to peer 0x7fffdf970b20 (15 bytes)
1755195423.660901 sending message 112 to peer 0x7fffdf970b20 (5 bytes)
1755195423.660933 sending message 104 to peer 0x7fffdf970b20 (0 bytes)
1755195423.660958 sending message 110 to peer 0x7fffdf970b20 (0 bytes)
1755195423.660983 sending message 107 to peer 0x7fffdf970b20 (4 bytes)
1755195423.661004 sending message 105 to peer 0x7fffdf970b20 (16 bytes)
1755195423.661026 sending message 105 to peer 0x7fffdf970b20 (13 bytes)
1755195423.661047 sending message 105 to peer 0x7fffdf970b20 (2970 bytes)
1755195423.661095 sending message 105 to peer 0x7fffdf970b20 (20 bytes)
1755195423.661117 sending message 105 to peer 0x7fffdf970b20 (33 bytes)
1755195423.661138 sending message 105 to peer 0x7fffdf970b20 (48 bytes)
1755195423.661160 sending message 105 to peer 0x7fffdf970b20 (53 bytes)
1755195423.661181 sending message 105 to peer 0x7fffdf970b20 (8 bytes)
1755195423.661202 sending message 105 to peer 0x7fffdf970b20 (23 bytes)
1755195423.661224 sending message 105 to peer 0x7fffdf970b20 (18 bytes)
1755195423.661245 sending message 105 to peer 0x7fffdf970b20 (12 bytes)
1755195423.661266 sending message 105 to peer 0x7fffdf970b20 (15 bytes)
1755195423.661288 sending message 105 to peer 0x7fffdf970b20 (19 bytes)
1755195423.661383 sending message 105 to peer 0x7fffdf970b20 (8 bytes)
1755195423.661409 sending message 105 to peer 0x7fffdf970b20 (30 bytes)
1755195423.661430 sending message 105 to peer 0x7fffdf970b20 (20 bytes)
1755195423.661452 sending message 105 to peer 0x7fffdf970b20 (12 bytes)
1755195423.661474 sending message 105 to peer 0x7fffdf970b20 (19 bytes)
1755195423.661495 sending message 105 to peer 0x7fffdf970b20 (28 bytes)
1755195423.661516 sending message 105 to peer 0x7fffdf970b20 (11 bytes)
1755195423.661538 sending message 105 to peer 0x7fffdf970b20 (8 bytes)
1755195423.661559 sending message 105 to peer 0x7fffdf970b20 (32 bytes)
1755195423.661580 sending message 105 to peer 0x7fffdf970b20 (1817 bytes)
1755195423.661605 sending message 105 to peer 0x7fffdf970b20 (10 bytes)
1755195423.661626 sending message 105 to peer 0x7fffdf970b20 (23 bytes)
1755195423.661655 sending message 105 to peer 0x7fffdf970b20 (26 bytes)
1755195423.661677 sending message 105 to peer 0x7fffdf970b20 (16 bytes)
1755195423.661698 sending message 105 to peer 0x7fffdf970b20 (53 bytes)
1755195423.661720 sending message 105 to peer 0x7fffdf970b20 (62 bytes)
1755195423.661742 sending message 105 to peer 0x7fffdf970b20 (41 bytes)
1755195423.661763 sending message 105 to peer 0x7fffdf970b20 (16 bytes)
1755195423.661788 sending message 106 to peer 0x7fffdf970b20 (0 bytes)
1755195423.662199 cmd_pack_argv: argv[0]=new
1755195423.662225 sending message 200 to peer 0x7fffdf970b20 (8 bytes)
1755195423.662247 client loop enter
1755195423.662885 client loop exit
